<?xml version="1.0" encoding="UTF-8"?>
<testsuite xmlns:xsi="http://www.w3.org/2001/XMLSchema-instance" xsi:noNamespaceSchemaLocation="https://maven.apache.org/surefire/maven-surefire-plugin/xsd/surefire-test-report.xsd" version="3.0.2" name="be.pxl.TestTask3" time="36.059" tests="1" errors="0" skipped="0" failures="1">
  <properties>
[...]
</properties>
  <testcase name="basketQuantity" classname="be.pxl.TestTask3" time="30.668">
    <failure message="Test failed due to unexpected exception: Error {&#10;  message=&apos;Timeout 30000ms exceeded.&#10;  name=&apos;TimeoutError&#10;  stack=&apos;TimeoutError: Timeout 30000ms exceeded.&#10;    at ProgressController.run (C:\Users\11903768\AppData\Local\Temp\playwright-java-14192926511285376606\package\lib\server\progress.js:78:26)&#10;    at Frame._callOnElementOnceMatches (C:\Users\11903768\AppData\Local\Temp\playwright-java-14192926511285376606\package\lib\server\frames.js:1464:23)&#10;    at Frame.innerText (C:\Users\11903768\AppData\Local\Temp\playwright-java-14192926511285376606\package\lib\server\frames.js:1083:17)&#10;    at FrameDispatcher.innerText (C:\Users\11903768\AppData\Local\Temp\playwright-java-14192926511285376606\package\lib\server\dispatchers\frameDispatcher.js:185:32)&#10;    at FrameDispatcher._handleCommand (C:\Users\11903768\AppData\Local\Temp\playwright-java-14192926511285376606\package\lib\server\dispatchers\dispatcher.js:94:40)&#10;    at DispatcherConnection.dispatch (C:\Users\11903768\AppData\Local\Temp\playwright-java-14192926511285376606\package\lib\server\dispatchers\dispatcher.js:361:39)&#10;}&#10;Call log:&#10;- waiting for locator(&quot;internal:attr=[data-testid=\&quot;.quantity-dropdown\&quot;]&quot;)&#10;" type="org.opentest4j.AssertionFailedError"><![CDATA[org.opentest4j.AssertionFailedError: 
Test failed due to unexpected exception: Error {
  message='Timeout 30000ms exceeded.
  name='TimeoutError
  stack='TimeoutError: Timeout 30000ms exceeded.
    at ProgressController.run (C:\Users\11903768\AppData\Local\Temp\playwright-java-14192926511285376606\package\lib\server\progress.js:78:26)
    at Frame._callOnElementOnceMatches (C:\Users\11903768\AppData\Local\Temp\playwright-java-14192926511285376606\package\lib\server\frames.js:1464:23)
    at Frame.innerText (C:\Users\11903768\AppData\Local\Temp\playwright-java-14192926511285376606\package\lib\server\frames.js:1083:17)
    at FrameDispatcher.innerText (C:\Users\11903768\AppData\Local\Temp\playwright-java-14192926511285376606\package\lib\server\dispatchers\frameDispatcher.js:185:32)
    at FrameDispatcher._handleCommand (C:\Users\11903768\AppData\Local\Temp\playwright-java-14192926511285376606\package\lib\server\dispatchers\dispatcher.js:94:40)
    at DispatcherConnection.dispatch (C:\Users\11903768\AppData\Local\Temp\playwright-java-14192926511285376606\package\lib\server\dispatchers\dispatcher.js:361:39)
}
Call log:
- waiting for locator("internal:attr=[data-testid=\".quantity-dropdown\"]")

	at org.junit.jupiter.api.AssertionUtils.fail(AssertionUtils.java:38)
	at org.junit.jupiter.api.Assertions.fail(Assertions.java:138)
	at be.pxl.TestTask3.basketQuantity(TestTask3.java:61)
	at java.base/java.lang.reflect.Method.invoke(Method.java:580)
	at java.base/java.util.ArrayList.forEach(ArrayList.java:1596)
	at java.base/java.util.ArrayList.forEach(ArrayList.java:1596)
]]></failure>
  </testcase>
</testsuite>